<?xml version="1.0" encoding="UTF-8"?>
<testng-results skipped="0" failed="0" ignored="0" total="1" passed="1">
  <reporter-output>
  </reporter-output>
  <suite name="Default suite" duration-ms="9694" started-at="2018-06-12T07:25:00Z" finished-at="2018-06-12T07:25:10Z">
    <groups>
    </groups>
    <test name="Default test" duration-ms="9694" started-at="2018-06-12T07:25:00Z" finished-at="2018-06-12T07:25:10Z">
      <class name="test.p">
        <test-method status="PASS" signature="u()[pri:0, instance:test.p@12f41634]" name="u" duration-ms="9652" started-at="2018-06-12T07:25:00Z" finished-at="2018-06-12T07:25:10Z">
          <reporter-output>
          </reporter-output>
        </test-method> <!-- u -->
      </class> <!-- test.p -->
    </test> <!-- Default test -->
  </suite> <!-- Default suite -->
</testng-results>
